make all --print-data-base --no-builtin-variables --no-builtin-rules --question
# GNU Make 3.81
# Copyright (C) 2006  Free Software Foundation, Inc.
# This is free software; see the source for copying conditions.
# There is NO warranty; not even for MERCHANTABILITY or FITNESS FOR A
# PARTICULAR PURPOSE.

# This program built for i386-apple-darwin11.3.0
 

# Make data base, printed on Mon Sep 19 18:26:39 2022

# Variables

# automatic
<D = $(patsubst %/,%,$(dir $<))
# automatic
?F = $(notdir $?)
# automatic
?D = $(patsubst %/,%,$(dir $?))
# automatic
@D = $(patsubst %/,%,$(dir $@))
# automatic
@F = $(notdir $@)
# makefile
CURDIR := /Users/renee/Git/pseudo-jit
# makefile
SHELL = /bin/sh
# environment
VSCODE_NLS_CONFIG = {"locale":"en-us","availableLanguages":{},"_languagePackSupport":true}
# makefile (from `makefile', line 19)
SZ := arm-none-eabi-size
# environment
_ = /usr/bin/make
# makefile (from `makefile', line 12)
CFLAGS :=  -Iinc -g -O0 -mbig-endian -marm -mcpu=cortex-a8 -mfpu=vfpv3 -mfloat-abi=hard  -ffast-math -pedantic -pedantic-errors -Wall -Wextra -Werror -ffixed-r3 -ffixed-r4 -ffixed-r5 -ffixed-r6 -ffixed-r7 -ffixed-r8 -ffixed-r9 -ffixed-r10 -ffixed-r11 -ffixed-r12 -ffunction-sections -fdata-sections -fno-exceptions -fomit-frame-pointer -nostdlib -ffreestanding -g -fmax-errors=5  -std=gnu11
# makefile (from `makefile', line 1)
MAKEFILE_LIST :=  makefile
# makefile (from `makefile', line 36)
SOURCES :=  main.c 
# makefile (from `makefile', line 13)
CXXFLAGS :=  -Iinc -g -O0 -mbig-endian -marm -mcpu=cortex-a8 -mfpu=vfpv3 -mfloat-abi=hard  -ffast-math -pedantic -pedantic-errors -Wall -Wextra -Werror -ffixed-r3 -ffixed-r4 -ffixed-r5 -ffixed-r6 -ffixed-r7 -ffixed-r8 -ffixed-r9 -ffixed-r10 -ffixed-r11 -ffixed-r12 -ffunction-sections -fdata-sections -fno-exceptions -fomit-frame-pointer -nostdlib -ffreestanding -g -fmax-errors=5  -std=c++11
# makefile (from `makefile', line 20)
CC := arm-none-eabi-gcc
# environment
__CFBundleIdentifier = com.microsoft.VSCode
# environment
INFOPATH = /opt/homebrew/share/info:
# environment
VSCODE_CWD = /
# environment
PATH = /opt/homebrew/bin:/opt/homebrew/sbin:/usr/local/bin:/usr/bin:/bin:/usr/sbin:/sbin:/opt/homebrew/bin:/Users/renee/Library/xPacks/@xpack-dev-tools/arm-none-eabi-gcc/10.3.1-2.3.1/.content/bin:/Users/renee/Library/xPacks/@xpack-dev-tools/arm-none-eabi-gcc/10.3.1-2.3.1/.content/arm-none-eabi/bin:/Applications/VMware Fusion Tech Preview.app/Contents/Public:/Library/Apple/usr/bin:/Library/Frameworks/Mono.framework/Versions/Current/Commands
# makefile (from `makefile', line 18)
AR := arm-none-eabi-ar
# environment
ELECTRON_RUN_AS_NODE = 1
# makefile (from `makefile', line 29)
LDFLAGS := -static -nostdlib -nostartfiles -T linker.lds -Wl,--gc-sections -Wl,--Map=binaries/pjit.map -Wl,--build-id -Wl,--be8 -Wl,--format=elf32-bigarm
# default
.FEATURES := target-specific order-only second-expansion else-if archives jobserver check-symlink
# environment
SSH_AUTH_SOCK = /private/tmp/com.apple.launchd.Eyvqj5FBFo/Listeners
# automatic
%F = $(notdir $%)
# environment
PWD = /Users/renee/Git/pseudo-jit
# environment
HOMEBREW_CELLAR = /opt/homebrew/Cellar
# environment
ORIGINAL_XDG_CURRENT_DESKTOP = undefined
# environment
MANPATH = /opt/homebrew/share/man::
# environment
VSCODE_AMD_ENTRYPOINT = vs/workbench/api/node/extensionHostProcess
# environment
HOME = /Users/renee
# makefile (from `makefile', line 15)
SUBMAKE := 1
# default
MAKEFILEPATH := /Applications/Xcode.app/Contents/Developer/Makefiles
# makefile (from `makefile', line 26)
BINARY := binaries/pjit.bin
# makefile (from `makefile', line 10)
DEFINES := 
# environment
VSCODE_CODE_CACHE_PATH = /Users/renee/Library/Application Support/Code/CachedData/74b1f979648cc44d385a2286793c226e611f59e7
# environment
LOGNAME = renee
# environment
APPLICATION_INSIGHTS_NO_DIAGNOSTIC_CHANNEL = 1
# environment
VSCODE_HANDLES_UNCAUGHT_ERRORS = true
# automatic
^D = $(patsubst %/,%,$(dir $^))
# environment
XPC_FLAGS = 0x0
# default
MAKE = $(MAKE_COMMAND)
# default
MAKECMDGOALS := all
# environment
SHLVL = 1
# makefile (from `makefile', line 17)
AS := arm-none-eabi-gcc
# default
MAKE_VERSION := 3.81
# environment
USER = renee
# makefile
.DEFAULT_GOAL := all
# automatic
%D = $(patsubst %/,%,$(dir $%))
# makefile (from `makefile', line 27)
MAPFILE := binaries/pjit.map
# default
MAKE_COMMAND := /Applications/Xcode.app/Contents/Developer/usr/bin/make
# makefile (from `makefile', line 21)
OC := arm-none-eabi-objcopy
# default
.VARIABLES := 
# environment
TMPDIR = /var/folders/qr/h44j2ys97tn9db201pnx33fw0000gq/T/
# automatic
*F = $(notdir $*)
# environment
VSCODE_IPC_HOOK = /Users/renee/Library/Application Support/Code/1.71.2-main.sock
# environment
MallocNanoZone = 0
# makefile
MAKEFLAGS = Rrqp
# environment
MFLAGS = -Rrqp
# automatic
*D = $(patsubst %/,%,$(dir $*))
# environment
XPC_SERVICE_NAME = application.com.microsoft.VSCode.21525852.21525858
# environment
HOMEBREW_PREFIX = /opt/homebrew
# automatic
+D = $(patsubst %/,%,$(dir $+))
# automatic
+F = $(notdir $+)
# environment
HOMEBREW_REPOSITORY = /opt/homebrew
# makefile (from `makefile', line 25)
OUTPUT := binaries/pjit.elf
# environment
__CF_USER_TEXT_ENCODING = 0x1F7:0x0:0x52
# environment
COMMAND_MODE = unix2003
# default
MAKEFILES := 
# automatic
<F = $(notdir $<)
# makefile (from `makefile', line 1)
COMMON_FLAGS :=  -Iinc -g -O0 -mbig-endian -marm -mcpu=cortex-a8 -mfpu=vfpv3 -mfloat-abi=hard  -ffast-math -pedantic -pedantic-errors -Wall -Wextra -Werror -ffixed-r3 -ffixed-r4 -ffixed-r5 -ffixed-r6 -ffixed-r7 -ffixed-r8 -ffixed-r9 -ffixed-r10 -ffixed-r11 -ffixed-r12 -ffunction-sections -fdata-sections -fno-exceptions -fomit-frame-pointer -nostdlib -ffreestanding -g -fmax-errors=5
# environment
LC_ALL = C
# makefile (from `makefile', line 43)
ALLLIBS = -Lobj -lpjit -lsupport
# automatic
^F = $(notdir $^)
# default
SUFFIXES := 
# environment
MAKELEVEL := 0
# makefile (from `makefile', line 37)
OBJECTS := obj/main.o
# environment
LANG = C
# environment
VSCODE_PID = 13186
# variable set hash-table stats:
# Load=79/1024=8%, Rehash=0, Collisions=3/125=2%

# Pattern-specific Variable Values

# No pattern-specific variable values.

# Directories

# . (device 16777229, inode 5883270): 18 files, no impossibilities.

# 18 files, no impossibilities in 1 directories.

# Implicit Rules

obj/%.o: %.c
#  commands to execute (from `makefile', line 64):
	$(CC) $(CFLAGS) -c $< -o $@
	

obj/%.o: %.s
#  commands to execute (from `makefile', line 67):
	$(AS) $(CFLAGS) -c $< -o $@
	

# 2 implicit rules, 0 (0.0%) terminal.

# Files

all: premake binaries/pjit.elf
#  Phony target (prerequisite of .PHONY).
#  Command-line target.
#  Implicit rule search has not been done.
#  File does not exist.
#  File has been updated.
#  Needs to be updated (-q is set).
# variable set hash-table stats:
# Load=0/32=0%, Rehash=0, Collisions=0/2=0%

.PHONY: all premake clean
#  Implicit rule search has not been done.
#  Modification time never checked.
#  File has not been updated.

# Not a target:
obj/main.o:
#  Implicit rule search has not been done.
#  Modification time never checked.
#  File has not been updated.

# Not a target:
.SUFFIXES:
#  Implicit rule search has not been done.
#  Modification time never checked.
#  File has not been updated.

# Not a target:
makefile:
#  Implicit rule search has been done.
 
#  Last modified 2022-07-06 18:25:35
#  File has been updated.
#  Successfully updated.
# variable set hash-table stats:
# Load=0/32=0%, Rehash=0, Collisions=0/0=0%

# Not a target:
.DEFAULT:
#  Implicit rule search has not been done.
#  Modification time never checked.
#  File has not been updated.

binaries/pjit.elf: obj/main.o
#  Implicit rule search has not been done.
#  Modification time never checked.
#  File has not been updated.
#  commands to execute (from `makefile', line 56):
	@echo
	@echo !!!!!!!! Building PJIT ...
	@echo
	$(CC) $(CFLAGS) $(LDFLAGS) $(OBJECTS) -o $@ $(ALLLIBS)
	$(OC) --gap-fill=0xff -O binary $@ $(BINARY)
	$(SZ) $@
	

premake:
#  Phony target (prerequisite of .PHONY).
#  Implicit rule search has not been done.
#  Implicit/static pattern stem: `'
#  File does not exist.
#  File has been updated.
#  Needs to be updated (-q is set).
# automatic
# @ := premake
# automatic
# % := 
# automatic
# * := 
# automatic
# + := 
# automatic
# | := 
# automatic
# < := 
# automatic
# ^ := 
# automatic
# ? := 
# variable set hash-table stats:
# Load=8/32=25%, Rehash=0, Collisions=1/10=10%
#  commands to execute (from `makefile', line 50):
	@make -C cpu/ops
	@make -C cpu
	@make -C support
	@mkdir -p obj
	

clean:
#  Phony target (prerequisite of .PHONY).
#  Implicit rule search has not been done.
#  File does not exist.
#  File has not been updated.
#  commands to execute (from `makefile', line 71):
	@make -C cpu/ops clean
	@make -C cpu clean
	@make -C support clean
	@rm -rf obj/* 2>/dev/null || true
	@rm $(OUTPUT) 2>/dev/null || true
	@rm $(BINARY) 2>/dev/null || true
	@rm $(MAPFILE) 2>/dev/null || true
	

# files hash-table stats:
# Load=9/1024=1%, Rehash=0, Collisions=0/31=0%
# VPATH Search Paths

# No `vpath' search paths.

# No general (`VPATH' variable) search path.

# # of strings in strcache: 1
# # of strcache buffers: 1
# strcache size: total = 4096 / max = 4096 / min = 4096 / avg = 4096
# strcache free: total = 4087 / max = 4087 / min = 4087 / avg = 4087

# Finished Make data base on Mon Sep 19 18:26:39 2022

 
